<?xml version="1.0" encoding="UTF-8"?>
<testsuite name="hos.houns.weatherapp.presentation.MainViewModelTest" tests="1" skipped="0" failures="0" errors="0" timestamp="2021-05-23T15:02:34" hostname="Hospices-MacBook-Pro.local" time="0.001">
  <properties/>
  <testcase name="test()" classname="hos.houns.weatherapp.presentation.MainViewModelTest" time="0.001"/>
  <system-out><![CDATA[]]></system-out>
  <system-err><![CDATA[]]></system-err>
</testsuite>
