<?xml version="1.0" encoding="UTF-8"?>
<testsuite name="hos.houns.weatherapp.data.MapperCurrentWeatherResponseToUiModel" tests="1" skipped="0" failures="0" errors="0" timestamp="2021-05-23T15:02:32" hostname="Hospices-MacBook-Pro.local" time="0.025">
  <properties/>
  <testcase name="test()" classname="hos.houns.weatherapp.data.MapperCurrentWeatherResponseToUiModel" time="0.025"/>
  <system-out><![CDATA[]]></system-out>
  <system-err><![CDATA[]]></system-err>
</testsuite>
