<?xml version="1.0" encoding="UTF-8"?>
<testsuite name="hos.houns.weatherapp.data.MapperForeCastResponseToUiModel" tests="1" skipped="0" failures="0" errors="0" timestamp="2021-05-23T15:03:03" hostname="Hospices-MacBook-Pro.local" time="0.019">
  <properties/>
  <testcase name="test()" classname="hos.houns.weatherapp.data.MapperForeCastResponseToUiModel" time="0.019"/>
  <system-out><![CDATA[]]></system-out>
  <system-err><![CDATA[]]></system-err>
</testsuite>
