<?xml version="1.0" encoding="UTF-8"?>
<testsuite name="hos.houns.weatherapp.data.GetWeatherRepositoryTest$User's location scenario$In Failure scenario" tests="4" skipped="0" failures="0" errors="0" timestamp="2021-05-23T15:03:04" hostname="Hospices-MacBook-Pro.local" time="0.075">
  <properties/>
  <testcase name=" forecastWeather should return Failure when repo send Either type Left()" classname="hos.houns.weatherapp.data.GetWeatherRepositoryTest$User's location scenario$In Failure scenario" time="0.018"/>
  <testcase name="Fine Permission is denied()" classname="hos.houns.weatherapp.data.GetWeatherRepositoryTest$User's location scenario$In Failure scenario" time="0.013"/>
  <testcase name=" currentWeather should return Failure when repo send Either type Left()" classname="hos.houns.weatherapp.data.GetWeatherRepositoryTest$User's location scenario$In Failure scenario" time="0.013"/>
  <testcase name="Location is disabled()" classname="hos.houns.weatherapp.data.GetWeatherRepositoryTest$User's location scenario$In Failure scenario" time="0.027"/>
  <system-out><![CDATA[]]></system-out>
  <system-err><![CDATA[]]></system-err>
</testsuite>
